file					avl_time	set_time	ratio
bench_in/test_001.in	0.00134575	0.00195935	1.46
bench_in/test_002.in	0.00277629	0.00694375	2.5 
bench_in/test_003.in	0.00447287	0.0147694	3.3 
bench_in/test_004.in	0.00599542	0.0260201	4.34
bench_in/test_005.in	0.00750233	0.0451908	6.02
bench_in/test_006.in	0.0090068	0.0601812	6.68
bench_in/test_007.in	0.0105509	0.0845586	8.01
bench_in/test_008.in	0.0126268	0.112877	8.94
bench_in/test_009.in	0.0139531	0.146508	10.5
bench_in/test_010.in	0.0158277	0.179832	11.36
bench_in/test_011.in	0.0179408	0.228424	12.73
bench_in/test_012.in	0.0188658	0.279543	14.82
bench_in/test_013.in	0.0204331	0.334476	16.37
bench_in/test_014.in	0.0223352	0.42087 	18.84
bench_in/test_015.in	0.0253401	0.485598	19.16
bench_in/test_016.in	0.0261922	0.584637	22.32
bench_in/test_017.in	0.0280451	0.67861 	24.2
bench_in/test_018.in	0.0308903	0.768545	24.88
bench_in/test_019.in	0.031803	0.879611	27.66
bench_in/test_020.in	0.0338217	0.987146	29.19
bench_in/test_021.in	0.035451	1.1324  	31.94
bench_in/test_022.in	0.0383047	1.2663  	33.06
bench_in/test_023.in	0.0397546	1.41087 	35.49
bench_in/test_024.in	0.041105	1.555   	37.83
bench_in/test_025.in	0.0435805	1.7414  	39.96
bench_in/test_026.in	0.0459021	1.89034 	41.18
bench_in/test_027.in	0.0476534	2.09871 	44.04
bench_in/test_028.in	0.0487004	2.33784 	48.0
bench_in/test_029.in	0.0504454	2.43495 	48.27
bench_in/test_030.in	0.052869	2.68048 	50.7
bench_in/test_031.in	0.054935	2.84525 	51.79
bench_in/test_032.in	0.0561464	3.09114 	55.05
bench_in/test_033.in	0.0584612	3.23821 	55.39
bench_in/test_034.in	0.0606422	3.59591 	59.3
bench_in/test_035.in	0.0620245	3.8498  	62.07
bench_in/test_036.in	0.0657439	4.0     	60.84
bench_in/test_037.in	0.0655208	4.46057 	68.08
bench_in/test_038.in	0.0678415	4.5768  	67.46
bench_in/test_039.in	0.0688526	4.89339 	71.07
bench_in/test_040.in	0.0709289	5.1998  	73.31
bench_in/test_041.in	0.0725084	5.46449 	75.36
bench_in/test_042.in	0.0740272	5.62667 	76.01
bench_in/test_043.in	0.0769627	6.05521 	78.68
bench_in/test_044.in	0.0785002	6.28974 	80.12
bench_in/test_045.in	0.0803276	6.85396 	85.33
bench_in/test_046.in	0.0833117	7.05851 	84.72
bench_in/test_047.in	0.0862457	7.3257  	84.94
bench_in/test_048.in	0.0871558	7.76877 	89.14
bench_in/test_049.in	0.0887438	8.20507 	92.46
